\BOOKMARK [-2][]{sysuchapter.1.-2}{\376\377\127\372\116\216\171\136\176\317\217\220\134\004\127\072\166\204\137\353\220\037\145\260\211\306\126\376\124\010\142\020\174\373\176\337\166\204\213\276\213\241\116\016\133\236\163\260}{}% 1
\BOOKMARK [-1][]{sysuchapter.2.-1}{\376\377\127\372\116\216\171\136\176\317\217\220\134\004\127\072\166\204\137\353\220\037\145\260\211\306\126\376\124\010\142\020\174\373\176\337\166\204\213\276\213\241\116\016\133\236\163\260}{sysuchapter.1.-2}% 2
\BOOKMARK [0][]{sysuchapter.3.0}{\376\377\130\360\146\016}{sysuchapter.2.-1}% 3
\BOOKMARK [0][]{section*.6}{\376\377\144\130\211\201}{sysuchapter.2.-1}% 4
\BOOKMARK [0][]{section*.8}{\376\377\000A\000B\000S\000T\000R\000A\000C\000T}{sysuchapter.2.-1}% 5
\BOOKMARK [0][]{section*.10}{\376\377\166\356\137\125}{sysuchapter.2.-1}% 6
\BOOKMARK [0][]{chapter.1}{\376\377\173\054\116\000\172\340\000\040\176\352\213\272}{sysuchapter.2.-1}% 7
\BOOKMARK [1][-]{section.1.1}{\376\377\0001\000.\0001\000\040\170\024\172\166\200\314\146\157\116\016\141\017\116\111}{chapter.1}% 8
\BOOKMARK [1][-]{section.1.2}{\376\377\0001\000.\0002\000\040\126\375\121\205\131\026\170\024\172\166\163\260\162\266}{chapter.1}% 9
\BOOKMARK [2][-]{subsection.1.2.1}{\376\377\0001\000.\0002\000.\0001\000\040\127\372\116\216\126\376\120\317\166\204\171\136\176\317\156\062\147\323\145\271\154\325\170\024\172\166\163\260\162\266}{section.1.2}% 10
\BOOKMARK [2][-]{subsection.1.2.2}{\376\377\0001\000.\0002\000.\0002\000\040\127\372\116\216\000\040\000N\000e\000R\000F\000\040\166\204\145\260\211\306\126\376\124\010\142\020\170\024\172\166\163\260\162\266}{section.1.2}% 11
\BOOKMARK [1][-]{section.1.3}{\376\377\0001\000.\0003\000\040\147\054\145\207\166\204\116\073\211\201\135\345\117\134\116\016\215\041\163\056}{chapter.1}% 12
\BOOKMARK [1][-]{section.1.4}{\376\377\0001\000.\0004\000\040\147\054\145\207\166\204\176\304\176\307\176\323\147\204}{chapter.1}% 13
\BOOKMARK [0][]{chapter.2}{\376\377\173\054\116\214\172\340\000\040\166\370\121\163\142\200\147\057\124\214\164\006\213\272\151\202\217\360}{sysuchapter.2.-1}% 14
\BOOKMARK [1][-]{section.2.1}{\376\377\0002\000.\0001\000\040\171\136\176\317\116\011\176\364\137\142\162\266\210\150\171\072\154\325}{chapter.2}% 15
\BOOKMARK [2][-]{subsection.2.1.1}{\376\377\0002\000.\0001\000.\0001\000\040\127\372\116\216\160\271\166\204\210\150\171\072\145\271\154\325}{section.2.1}% 16
\BOOKMARK [2][-]{subsection.2.1.2}{\376\377\0002\000.\0001\000.\0002\000\040\127\372\116\216\177\121\150\074\166\204\210\150\171\072\145\271\154\325}{section.2.1}% 17
\BOOKMARK [2][-]{subsection.2.1.3}{\376\377\0002\000.\0001\000.\0003\000\040\127\372\116\216\117\123\175\040\166\204\210\150\171\072\145\271\154\325}{section.2.1}% 18
\BOOKMARK [2][-]{subsection.2.1.4}{\376\377\0002\000.\0001\000.\0004\000\040\127\372\116\216\155\361\136\246\133\146\116\140\166\204\210\150\171\072\145\271\154\325}{section.2.1}% 19
\BOOKMARK [1][-]{section.2.2}{\376\377\0002\000.\0002\000\040\145\260\211\306\126\376\124\010\142\020\124\214\127\372\116\216\126\376\120\317\166\204\156\062\147\323}{chapter.2}% 20
\BOOKMARK [1][-]{section.2.3}{\376\377\0002\000.\0003\000\040\155\361\136\246\133\146\116\140\123\321\134\125\151\202\217\360}{chapter.2}% 21
\BOOKMARK [2][-]{subsection.2.3.1}{\376\377\0002\000.\0003\000.\0001\000\040\123\167\171\357\171\136\176\317\177\121\176\334}{section.2.3}% 22
\BOOKMARK [2][-]{subsection.2.3.2}{\376\377\0002\000.\0003\000.\0002\000\040\153\213\135\356\177\121\176\334\000\040\000R\000e\000s\000n\000e\000t}{section.2.3}% 23
\BOOKMARK [1][-]{section.2.4}{\376\377\0002\000.\0004\000\040\147\345\213\342\210\150\166\204\122\240\220\037\145\271\154\325}{chapter.2}% 24
\BOOKMARK [1][-]{section.2.5}{\376\377\0002\000.\0005\000\040\147\054\172\340\134\017\176\323}{chapter.2}% 25
\BOOKMARK [0][]{chapter.3}{\376\377\173\054\116\011\172\340\000\040\147\054\145\207\143\320\121\372\166\204\145\271\154\325}{sysuchapter.2.-1}% 26
\BOOKMARK [1][-]{section.3.1}{\376\377\0003\000.\0001\000\040\225\356\230\230\133\232\116\111}{chapter.3}% 27
\BOOKMARK [1][-]{section.3.2}{\376\377\0003\000.\0002\000\040\145\260\211\306\126\376\124\010\142\020\166\204\171\136\176\317\217\220\134\004\127\072\210\150\171\072}{chapter.3}% 28
\BOOKMARK [2][-]{subsection.3.2.1}{\376\377\0003\000.\0002\000.\0001\000\040\171\136\176\317\217\220\134\004\127\072\166\204\127\072\146\157\210\150\171\072}{section.3.2}% 29
\BOOKMARK [2][-]{subsection.3.2.2}{\376\377\0003\000.\0002\000.\0002\000\040\127\372\116\216\171\136\176\317\217\220\134\004\127\072\166\204\172\313\117\123\156\062\147\323}{section.3.2}% 30
\BOOKMARK [2][-]{subsection.3.2.3}{\376\377\0003\000.\0002\000.\0003\000\040\171\136\176\317\217\220\134\004\127\072\166\204\117\030\123\026}{section.3.2}% 31
\BOOKMARK [3][-]{subsubsection.3.2.3.1}{\376\377\0003\000.\0002\000.\0003\000.\0001\000\040\117\115\177\156\177\026\170\001}{subsection.3.2.3}% 32
\BOOKMARK [3][-]{subsubsection.3.2.3.2}{\376\377\0003\000.\0002\000.\0003\000.\0002\000\040\122\006\134\102\117\123\171\357\221\307\150\067}{subsection.3.2.3}% 33
\BOOKMARK [1][-]{section.3.3}{\376\377\0003\000.\0003\000\040\127\372\116\216\171\136\176\317\217\220\134\004\127\072\166\204\145\260\211\306\126\376\124\010\142\020\122\240\220\037\145\271\154\325}{chapter.3}% 34
\BOOKMARK [2][-]{subsection.3.3.1}{\376\377\0003\000.\0003\000.\0001\000\040\152\041\127\213\176\374\217\360}{section.3.3}% 35
\BOOKMARK [2][-]{subsection.3.3.2}{\376\377\0003\000.\0003\000.\0002\000\040\147\345\213\342\210\150\166\204\147\204\136\372}{section.3.3}% 36
\BOOKMARK [2][-]{subsection.3.3.3}{\376\377\0003\000.\0003\000.\0003\000\040\147\345\213\342\210\150\116\016\147\054\145\207\145\271\154\325\166\204\176\323\124\010}{section.3.3}% 37
\BOOKMARK [1][-]{section.3.4}{\376\377\0003\000.\0004\000\040\147\054\172\340\134\017\176\323}{chapter.3}% 38
\BOOKMARK [0][]{chapter.4}{\376\377\173\054\126\333\172\340\000\040\133\236\232\214\220\350\122\006}{sysuchapter.2.-1}% 39
\BOOKMARK [1][-]{section.4.1}{\376\377\0004\000.\0001\000\040\133\236\232\214\127\372\147\054\213\276\177\156}{chapter.4}% 40
\BOOKMARK [2][-]{subsection.4.1.1}{\376\377\0004\000.\0001\000.\0001\000\040\137\000\123\321\163\257\130\203}{section.4.1}% 41
\BOOKMARK [2][-]{subsection.4.1.2}{\376\377\0004\000.\0001\000.\0002\000\040\145\160\143\156\226\306}{section.4.1}% 42
\BOOKMARK [1][-]{section.4.2}{\376\377\0004\000.\0002\000\040\133\236\163\260\176\306\202\202}{chapter.4}% 43
\BOOKMARK [1][-]{section.4.3}{\376\377\0004\000.\0003\000\040\213\304\155\113\143\007\150\007}{chapter.4}% 44
\BOOKMARK [2][-]{subsection.4.3.1}{\376\377\0004\000.\0003\000.\0001\000\040\126\376\120\317\215\050\221\317\143\007\150\007}{section.4.3}% 45
\BOOKMARK [2][-]{subsection.4.3.2}{\376\377\0004\000.\0003\000.\0002\000\040\156\062\147\323\220\037\136\246\143\007\150\007}{section.4.3}% 46
\BOOKMARK [1][-]{section.4.4}{\376\377\0004\000.\0004\000\040\133\236\232\214\176\323\147\234\116\016\122\006\147\220}{chapter.4}% 47
\BOOKMARK [2][-]{subsection.4.4.1}{\376\377\0004\000.\0004\000.\0001\000\040\127\372\116\216\000\040\000S\000y\000n\000t\000h\000e\000t\000i\000c\000-\000N\000e\000R\000F\000\040\145\160\143\156\226\306\166\204\133\236\232\214}{section.4.4}% 48
\BOOKMARK [2][-]{subsection.4.4.2}{\376\377\0004\000.\0004\000.\0002\000\040\127\372\116\216\000\040\000L\000L\000F\000F\000-\000N\000e\000R\000F\000\040\145\160\143\156\226\306\166\204\133\236\232\214}{section.4.4}% 49
\BOOKMARK [1][-]{section.4.5}{\376\377\0004\000.\0005\000\040\147\054\172\340\134\017\176\323}{chapter.4}% 50
\BOOKMARK [0][]{chapter.5}{\376\377\173\054\116\224\172\340\000\040\174\373\176\337\213\276\213\241\116\016\133\236\163\260}{sysuchapter.2.-1}% 51
\BOOKMARK [1][-]{section.5.1}{\376\377\0005\000.\0001\000\040\174\373\176\337\227\000\154\102\122\006\147\220}{chapter.5}% 52
\BOOKMARK [2][-]{subsection.5.1.1}{\376\377\0005\000.\0001\000.\0001\000\040\122\237\200\375\140\047\227\000\154\102\122\006\147\220}{section.5.1}% 53
\BOOKMARK [2][-]{subsection.5.1.2}{\376\377\0005\000.\0001\000.\0002\000\040\121\166\116\326\227\000\154\102\122\006\147\220}{section.5.1}% 54
\BOOKMARK [2][-]{subsection.5.1.3}{\376\377\0005\000.\0001\000.\0003\000\040\116\073\211\201\165\050\117\213\122\006\147\220}{section.5.1}% 55
\BOOKMARK [1][-]{section.5.2}{\376\377\0005\000.\0002\000\040\174\373\176\337\213\276\213\241}{chapter.5}% 56
\BOOKMARK [1][-]{section.5.3}{\376\377\0005\000.\0003\000\040\174\373\176\337\133\236\163\260}{chapter.5}% 57
\BOOKMARK [1][-]{section.5.4}{\376\377\0005\000.\0004\000\040\147\054\172\340\134\017\176\323}{chapter.5}% 58
\BOOKMARK [0][]{chapter.6}{\376\377\173\054\121\155\172\340\000\040\174\373\176\337\166\204\220\350\177\162\116\016\134\125\171\072}{sysuchapter.2.-1}% 59
\BOOKMARK [1][-]{section.6.1}{\376\377\0006\000.\0001\000\040\174\373\176\337\217\320\210\114\163\257\130\203}{chapter.6}% 60
\BOOKMARK [1][-]{section.6.2}{\376\377\0006\000.\0002\000\040\174\373\176\337\122\237\200\375\155\113\213\325}{chapter.6}% 61
\BOOKMARK [2][-]{subsection.6.2.1}{\376\377\0006\000.\0002\000.\0001\000\040\166\370\147\072\116\244\116\222\122\237\200\375}{section.6.2}% 62
\BOOKMARK [2][-]{subsection.6.2.2}{\376\377\0006\000.\0002\000.\0002\000\040\145\160\143\156\226\306\131\004\164\006\122\237\200\375}{section.6.2}% 63
\BOOKMARK [2][-]{subsection.6.2.3}{\376\377\0006\000.\0002\000.\0003\000\040\145\260\211\306\126\376\124\010\142\020\122\237\200\375\155\113\213\325}{section.6.2}% 64
\BOOKMARK [1][-]{section.6.3}{\376\377\0006\000.\0003\000\040\147\054\172\340\134\017\176\323}{chapter.6}% 65
\BOOKMARK [0][]{chapter.7}{\376\377\173\054\116\003\172\340\000\040\140\073\176\323\116\016\134\125\147\033}{sysuchapter.2.-1}% 66
\BOOKMARK [1][-]{section.7.1}{\376\377\0007\000.\0001\000\040\140\073\176\323}{chapter.7}% 67
\BOOKMARK [1][-]{section.7.2}{\376\377\0007\000.\0002\000\040\134\125\147\033}{chapter.7}% 68
\BOOKMARK [0][]{section*.51}{\376\377\123\302\200\003\145\207\163\056}{sysuchapter.2.-1}% 69
\BOOKMARK [0][]{section*.53}{\376\377\127\050\133\146\147\037\225\364\133\214\142\020\166\204\166\370\121\163\133\146\147\057\142\020\147\234}{sysuchapter.2.-1}% 70
\BOOKMARK [0][]{section*.56}{\376\377\201\364\214\042}{sysuchapter.2.-1}% 71
